<?xml version="1.0" encoding="UTF-8"?>
<!-- Generated by org.testng.reporters.JUnitReportReporter -->
<testsuite skipped="0" hostname="LAPTOP-S014Q69I" name="com.crm.qa.testdata.ContactsPagetest" tests="1" failures="0" timestamp="22 Oct 2018 18:18:29 GMT" time="3.088" errors="0">
  <testcase name="validatecreatenewcontact" time="3.088" classname="com.crm.qa.testdata.ContactsPagetest"/>
</testsuite> <!-- com.crm.qa.testdata.ContactsPagetest -->
