<?xml version="1.0" encoding="UTF-8"?>
<!-- Generated by org.testng.reporters.JUnitReportReporter -->
<testsuite skipped="0" hostname="LAPTOP-S014Q69I" name="com.crm.qa.testdata.LoginPageTest" tests="2" failures="0" timestamp="18 Oct 2018 05:02:58 GMT" time="17.024" errors="0">
  <testcase name="validateCrmLogo" time="9.880" classname="com.crm.qa.testdata.LoginPageTest"/>
  <testcase name="logintest" time="7.144" classname="com.crm.qa.testdata.LoginPageTest"/>
</testsuite> <!-- com.crm.qa.testdata.LoginPageTest -->
