<?xml version="1.0" encoding="UTF-8"?>
<!-- Generated by org.testng.reporters.JUnitReportReporter -->
<testsuite skipped="0" hostname="LAPTOP-S014Q69I" name="com.crm.qa.testcases.LoginPageTest" tests="2" failures="0" timestamp="01 Nov 2018 01:10:15 GMT" time="17.463" errors="0">
  <testcase name="validateCrmLogo" time="7.455" classname="com.crm.qa.testcases.LoginPageTest"/>
  <testcase name="logintest" time="10.008" classname="com.crm.qa.testcases.LoginPageTest"/>
</testsuite> <!-- com.crm.qa.testcases.LoginPageTest -->
