<?xml version="1.0" encoding="UTF-8"?>
<!-- Generated by org.testng.reporters.JUnitReportReporter -->
<testsuite skipped="6" hostname="LAPTOP-S014Q69I" name="com.crm.qa.testcases.ContactsPagetest" tests="7" failures="0" timestamp="20 May 2019 19:54:04 GMT" time="8.526" errors="1">
  <testcase name="validatecreatenewcontact" time="0.000" classname="com.crm.qa.testcases.ContactsPagetest">
    <skipped/>
  </testcase> <!-- validatecreatenewcontact -->
  <testcase name="validatecreatenewcontact" time="0.000" classname="com.crm.qa.testcases.ContactsPagetest">
    <skipped/>
  </testcase> <!-- validatecreatenewcontact -->
  <testcase name="setup" time="8.526" classname="com.crm.qa.testcases.ContactsPagetest">
    <error type="java.lang.NullPointerException">
      <![CDATA[java.lang.NullPointerException
at org.openqa.selenium.support.events.EventFiringWebDriver.extractInterfaces(EventFiringWebDriver.java:120)
at org.openqa.selenium.support.events.EventFiringWebDriver.access$300(EventFiringWebDriver.java:69)
at org.openqa.selenium.support.events.EventFiringWebDriver$EventFiringWebElement.<init>(EventFiringWebDriver.java:397)
at org.openqa.selenium.support.events.EventFiringWebDriver$EventFiringWebElement.<init>(EventFiringWebDriver.java:389)
at org.openqa.selenium.support.events.EventFiringWebDriver.createWebElement(EventFiringWebDriver.java:327)
at org.openqa.selenium.support.events.EventFiringWebDriver.findElement(EventFiringWebDriver.java:196)
at org.openqa.selenium.support.pagefactory.DefaultElementLocator.findElement(DefaultElementLocator.java:69)
at org.openqa.selenium.support.pagefactory.internal.LocatingElementHandler.invoke(LocatingElementHandler.java:38)
at com.sun.proxy.$Proxy12.sendKeys(Unknown Source)
at com.crm.qa.pages.LoginPage.login(LoginPage.java:51)
at com.crm.qa.testcases.ContactsPagetest.setup(ContactsPagetest.java:38)
at sun.reflect.NativeMethodAccessorImpl.invoke0(Native Method)
at sun.reflect.NativeMethodAccessorImpl.invoke(Unknown Source)
at sun.reflect.DelegatingMethodAccessorImpl.invoke(Unknown Source)
at java.lang.reflect.Method.invoke(Unknown Source)
at org.testng.internal.MethodInvocationHelper.invokeMethod(MethodInvocationHelper.java:124)
at org.testng.internal.MethodInvocationHelper.invokeMethodConsideringTimeout(MethodInvocationHelper.java:59)
at org.testng.internal.Invoker.invokeConfigurationMethod(Invoker.java:455)
at org.testng.internal.Invoker.invokeConfigurations(Invoker.java:222)
at org.testng.internal.Invoker.invokeConfigurations(Invoker.java:142)
at org.testng.TestRunner.beforeRun(TestRunner.java:529)
at org.testng.TestRunner.run(TestRunner.java:497)
at org.testng.SuiteRunner.runTest(SuiteRunner.java:455)
at org.testng.SuiteRunner.runSequentially(SuiteRunner.java:450)
at org.testng.SuiteRunner.privateRun(SuiteRunner.java:415)
at org.testng.SuiteRunner.run(SuiteRunner.java:364)
at org.testng.SuiteRunnerWorker.runSuite(SuiteRunnerWorker.java:52)
at org.testng.SuiteRunnerWorker.run(SuiteRunnerWorker.java:84)
at org.testng.TestNG.runSuitesSequentially(TestNG.java:1208)
at org.testng.TestNG.runSuitesLocally(TestNG.java:1137)
at org.testng.TestNG.runSuites(TestNG.java:1049)
at org.testng.TestNG.run(TestNG.java:1017)
at org.testng.remote.AbstractRemoteTestNG.run(AbstractRemoteTestNG.java:114)
at org.testng.remote.RemoteTestNG.initAndRun(RemoteTestNG.java:251)
at org.testng.remote.RemoteTestNG.main(RemoteTestNG.java:77)
]]>
    </error>
  </testcase> <!-- setup -->
  <testcase name="validatecreatenewcontact" time="0.000" classname="com.crm.qa.testcases.ContactsPagetest">
    <skipped/>
  </testcase> <!-- validatecreatenewcontact -->
  <testcase name="verifycontactspagelabel" time="0.000" classname="com.crm.qa.testcases.ContactsPagetest">
    <skipped/>
  </testcase> <!-- verifycontactspagelabel -->
  <testcase name="validatecreatenewcontact" time="0.000" classname="com.crm.qa.testcases.ContactsPagetest">
    <skipped/>
  </testcase> <!-- validatecreatenewcontact -->
  <testcase name="SelectContactstest" time="0.000" classname="com.crm.qa.testcases.ContactsPagetest">
    <skipped/>
  </testcase> <!-- SelectContactstest -->
</testsuite> <!-- com.crm.qa.testcases.ContactsPagetest -->
